<?xml version="1.0" encoding="UTF-8"?>
<testng-results ignored="0" total="1" passed="1" failed="0" skipped="0">
  <reporter-output>
  </reporter-output>
  <suite started-at="2019-08-11T17:31:41Z" name="Default suite" finished-at="2019-08-11T17:31:42Z" duration-ms="1483">
    <groups>
    </groups>
    <test started-at="2019-08-11T17:31:41Z" name="Default test" finished-at="2019-08-11T17:31:42Z" duration-ms="1483">
      <class name="settingAPI.TC001_GetAPI_SetUp">
        <test-method signature="setUp()[pri:0, instance:settingAPI.TC001_GetAPI_SetUp@7f9fcf7f]" started-at="2019-08-11T17:31:41Z" name="setUp" finished-at="2019-08-11T17:31:42Z" duration-ms="1465" status="PASS">
          <reporter-output>
          </reporter-output>
        </test-method> <!-- setUp -->
      </class> <!-- settingAPI.TC001_GetAPI_SetUp -->
    </test> <!-- Default test -->
  </suite> <!-- Default suite -->
</testng-results>
