<?xml version="1.0" encoding="UTF-8"?>
<testng-results ignored="0" total="1" passed="1" failed="0" skipped="0">
  <reporter-output>
  </reporter-output>
  <suite started-at="2019-08-11T21:41:36Z" name="Default suite" finished-at="2019-08-11T21:41:37Z" duration-ms="1252">
    <groups>
    </groups>
    <test started-at="2019-08-11T21:41:36Z" name="Default test" finished-at="2019-08-11T21:41:37Z" duration-ms="1252">
      <class name="settingAPI.TC001_Alternative_PostAPI_Call">
        <test-method signature="alternativePostSetUp()[pri:0, instance:settingAPI.TC001_Alternative_PostAPI_Call@2d2e5f00]" started-at="2019-08-11T21:41:36Z" name="alternativePostSetUp" finished-at="2019-08-11T21:41:37Z" duration-ms="1236" status="PASS">
          <reporter-output>
          </reporter-output>
        </test-method> <!-- alternativePostSetUp -->
      </class> <!-- settingAPI.TC001_Alternative_PostAPI_Call -->
    </test> <!-- Default test -->
  </suite> <!-- Default suite -->
</testng-results>
